Processing 67 files
Start Processing: io/github/pulverizer/movecraft/Movecraft.java
Import: com.google.common.reflect.TypeToken
Import: com.google.inject.Inject
Import: io.github.pulverizer.movecraft.listener.*
Import: io.github.pulverizer.movecraft.sign.*
Import: ninja.leaping.configurate.ConfigurationNode
Import: ninja.leaping.configurate.ConfigurationOptions
Import: ninja.leaping.configurate.loader.ConfigurationLoader
Import: ninja.leaping.configurate.objectmapping.ObjectMappingException
Import: ninja.leaping.configurate.yaml.YAMLConfigurationLoader
Import: org.slf4j.Logger
Import: org.spongepowered.api.Sponge
Import: org.spongepowered.api.block.BlockType
Import: org.spongepowered.api.config.ConfigDir
Import: org.spongepowered.api.event.Listener
Import: org.spongepowered.api.event.game.state.*
Import: org.spongepowered.api.item.ItemType
Import: org.spongepowered.api.item.ItemTypes
Import: org.spongepowered.api.plugin.Plugin
Adding 13 imports
        io.github.pulverizer.movecraft.async.AsyncManager
        io.github.pulverizer.movecraft.config.Settings
        io.github.pulverizer.movecraft.craft.CraftManager
        io.github.pulverizer.movecraft.mapUpdater.MapUpdateManager
        java.io.IOException
        java.nio.file.Path
        java.sql.Connection
        java.sql.SQLException
        java.util.HashMap
        java.util.HashSet
        java.util.Map
        org.spongepowered.api.scheduler.Task
        org.spongepowered.api.service.sql.SqlService
End  Processing: io/github/pulverizer/movecraft/Movecraft.java

Start Processing: io/github/pulverizer/movecraft/NextTickProvider.java
Rename field net/minecraft/world/WorldServer/pendingTickListEntriesThisTick[748,778]::pendingTickListEntriesThisTick->field_94579_S
Rename field net/minecraft/world/WorldServer/pendingTickListEntriesTreeSet[823,852]::pendingTickListEntriesTreeSet->field_73065_O
Rename field net/minecraft/init/Blocks/AIR[1346,1349]::AIR->field_150350_a
Rename field net/minecraft/world/NextTickListEntry/position[1584,1592]::position->field_180282_a
Rename field net/minecraft/world/NextTickListEntry/position[1932,1940]::position->field_180282_a
Import: com.flowpowered.math.vector.Vector3i
Import: net.minecraft.init.Blocks
Import: net.minecraft.util.math.BlockPos
Import: net.minecraft.world.NextTickListEntry
Import: net.minecraft.world.WorldServer
Import: org.apache.commons.lang3.tuple.ImmutablePair
Adding 5 imports
        java.util.HashMap
        java.util.Iterator
        java.util.List
        java.util.Map
        java.util.TreeSet
End  Processing: io/github/pulverizer/movecraft/NextTickProvider.java

Start Processing: io/github/pulverizer/movecraft/WorldHandler.java
FOUND CONSTR method io/github/pulverizer/movecraft/WorldHandler/WorldHandler ()V io/github/pulverizer/movecraft/WorldHandler
Rename method net/minecraft/tileentity/TileEntity/rotate (Lnet/minecraft/util/Rotation;)V[3867,3873]::rotate->func_189667_a
Rename method net/minecraft/world/IBlockAccess/getBlockState (Lnet/minecraft/util/math/BlockPos;)Lnet/minecraft/block/state/IBlockState;[4664,4677]::getBlockState->func_180495_p
Rename method net/minecraft/block/state/IBlockProperties/withRotation (Lnet/minecraft/util/Rotation;)Lnet/minecraft/block/state/IBlockState;[4708,4720]::withRotation->func_185907_a
New Key: class java/util/Map
Rename method net/minecraft/world/World/getWorldTime ()J[5482,5494]::getWorldTime->func_72820_D
Rename method net/minecraft/world/World/scheduleBlockUpdate (Lnet/minecraft/util/math/BlockPos;Lnet/minecraft/block/Block;II)V[5539,5558]::scheduleBlockUpdate->func_180497_b
Rename method net/minecraft/tileentity/TileEntity/getBlockType ()Lnet/minecraft/block/Block;[5646,5658]::getBlockType->func_145838_q
Rename field net/minecraft/world/NextTickListEntry/scheduledTime[5695,5708]::scheduledTime->field_77180_e
Rename field net/minecraft/world/NextTickListEntry/priority[5750,5758]::priority->field_82754_f
Rename field net/minecraft/init/Blocks/AIR[6223,6226]::AIR->field_150350_a
Rename method net/minecraft/block/Block/getDefaultState ()Lnet/minecraft/block/state/IBlockState;[6238,6253]::getDefaultState->func_176223_P
Rename method net/minecraft/world/IBlockAccess/getBlockState (Lnet/minecraft/util/math/BlockPos;)Lnet/minecraft/block/state/IBlockState;[6562,6575]::getBlockState->func_180495_p
Rename method net/minecraft/block/state/IBlockState/getBlock ()Lnet/minecraft/block/Block;[6638,6646]::getBlock->func_177230_c
Rename method net/minecraft/block/state/IBlockState/getBlock ()Lnet/minecraft/block/Block;[6775,6783]::getBlock->func_177230_c
Rename method net/minecraft/block/Block/randomTick (Lnet/minecraft/world/World;Lnet/minecraft/util/math/BlockPos;Lnet/minecraft/block/state/IBlockState;Ljava/util/Random;)V[6810,6820]::randomTick->func_180645_a
Rename field net/minecraft/world/World/rand[6924,6928]::rand->field_73012_v
Rename method net/minecraft/world/IBlockAccess/getBlockState (Lnet/minecraft/util/math/BlockPos;)Lnet/minecraft/block/state/IBlockState;[9026,9039]::getBlockState->func_180495_p
Rename method net/minecraft/world/World/getWorldTime ()J[9816,9828]::getWorldTime->func_72820_D
Rename method net/minecraft/world/World/scheduleBlockUpdate (Lnet/minecraft/util/math/BlockPos;Lnet/minecraft/block/Block;II)V[9873,9892]::scheduleBlockUpdate->func_180497_b
Rename field net/minecraft/world/NextTickListEntry/position[9912,9920]::position->field_180282_a
Rename method net/minecraft/util/math/BlockPos/add (Lnet/minecraft/util/math/Vec3i;)Lnet/minecraft/util/math/BlockPos;[9927,9930]::add->func_177971_a
Rename method net/minecraft/tileentity/TileEntity/getBlockType ()Lnet/minecraft/block/Block;[10000,10012]::getBlockType->func_145838_q
Rename field net/minecraft/world/NextTickListEntry/scheduledTime[10049,10062]::scheduledTime->field_77180_e
Rename field net/minecraft/world/NextTickListEntry/priority[10104,10112]::priority->field_82754_f
Rename field net/minecraft/init/Blocks/AIR[10500,10503]::AIR->field_150350_a
Rename method net/minecraft/block/Block/getDefaultState ()Lnet/minecraft/block/state/IBlockState;[10515,10530]::getDefaultState->func_176223_P
Rename method net/minecraft/world/IBlockAccess/getBlockState (Lnet/minecraft/util/math/BlockPos;)Lnet/minecraft/block/state/IBlockState;[10821,10834]::getBlockState->func_180495_p
Rename method net/minecraft/block/state/IBlockState/getBlock ()Lnet/minecraft/block/Block;[10890,10898]::getBlock->func_177230_c
Rename method net/minecraft/block/state/IBlockState/getBlock ()Lnet/minecraft/block/Block;[11020,11028]::getBlock->func_177230_c
Rename method net/minecraft/block/Block/randomTick (Lnet/minecraft/world/World;Lnet/minecraft/util/math/BlockPos;Lnet/minecraft/block/state/IBlockState;Ljava/util/Random;)V[11055,11065]::randomTick->func_180645_a
Rename field net/minecraft/world/World/rand[11162,11166]::rand->field_73012_v
Rename method net/minecraft/world/IBlockAccess/getTileEntity (Lnet/minecraft/util/math/BlockPos;)Lnet/minecraft/tileentity/TileEntity;[11417,11430]::getTileEntity->func_175625_s
Rename method net/minecraft/world/World/removeTileEntity (Lnet/minecraft/util/math/BlockPos;)V[11544,11560]::removeTileEntity->func_175713_t
Rename field net/minecraft/world/World/loadedTileEntityList[11661,11681]::loadedTileEntityList->field_147482_g
Rename method net/minecraft/world/chunk/Chunk/getBlockStorageArray ()[Lnet/minecraft/world/chunk/storage/ExtendedBlockStorage;[12133,12153]::getBlockStorageArray->func_76587_i
Rename method net/minecraft/world/chunk/Chunk/setBlockState (Lnet/minecraft/util/math/BlockPos;Lnet/minecraft/block/state/IBlockState;)Lnet/minecraft/block/state/IBlockState;[12334,12347]::setBlockState->func_177436_a
Rename field net/minecraft/init/Blocks/GLASS[12385,12390]::GLASS->field_150359_w
Rename method net/minecraft/block/Block/getDefaultState ()Lnet/minecraft/block/state/IBlockState;[12400,12415]::getDefaultState->func_176223_P
Rename method net/minecraft/world/chunk/Chunk/getBlockStorageArray ()[Lnet/minecraft/world/chunk/storage/ExtendedBlockStorage;[12452,12472]::getBlockStorageArray->func_76587_i
Rename method net/minecraft/world/chunk/storage/ExtendedBlockStorage/set (IIILnet/minecraft/block/state/IBlockState;)V[12525,12528]::set->func_177484_a
Rename method net/minecraft/world/World/notifyBlockUpdate (Lnet/minecraft/util/math/BlockPos;Lnet/minecraft/block/state/IBlockState;Lnet/minecraft/block/state/IBlockState;I)V[12637,12654]::notifyBlockUpdate->func_184138_a
Rename method net/minecraft/block/state/IBlockProperties/withRotation (Lnet/minecraft/util/Rotation;)Lnet/minecraft/block/state/IBlockState;[12843,12855]::withRotation->func_185907_a
Rename method net/minecraft/tileentity/TileEntity/invalidate ()V[13779,13789]::invalidate->func_145843_s
Rename method net/minecraft/tileentity/TileEntity/setPos (Lnet/minecraft/util/math/BlockPos;)V[13810,13816]::setPos->func_174878_a
Rename method net/minecraft/world/chunk/Chunk/getTileEntityMap ()Ljava/util/Map;[13850,13866]::getTileEntityMap->func_177434_r
FOUND CONSTR method io/github/pulverizer/movecraft/WorldHandler/TileHolder/TileHolder (Lnet/minecraft/tileentity/TileEntity;Lnet/minecraft/world/NextTickListEntry;Lcom/flowpowered/math/vector/Vector3i;)V io/github/pulverizer/movecraft/WorldHandler/TileHolder
Import: com.flowpowered.math.vector.Vector3d
Import: com.flowpowered.math.vector.Vector3i
Import: io.github.pulverizer.movecraft.enums.Rotation
Import: io.github.pulverizer.movecraft.config.Settings
Import: io.github.pulverizer.movecraft.craft.Craft
Import: io.github.pulverizer.movecraft.utils.CollectionUtils
Import: io.github.pulverizer.movecraft.utils.MathUtils
Adding 18 imports
        java.util.ArrayList
        java.util.Collection
        java.util.HashMap
        java.util.List
        java.util.Map
        net.minecraft.block.BlockFire
        net.minecraft.block.state.IBlockState
        net.minecraft.init.Blocks
        net.minecraft.tileentity.TileEntity
        net.minecraft.util.math.BlockPos
        net.minecraft.world.NextTickListEntry
        net.minecraft.world.WorldServer
        net.minecraft.world.chunk.Chunk
        net.minecraft.world.chunk.storage.ExtendedBlockStorage
        org.spongepowered.api.block.BlockTypes
        org.spongepowered.api.entity.Entity
        org.spongepowered.api.world.Location
        org.spongepowered.api.world.World
End  Processing: io/github/pulverizer/movecraft/WorldHandler.java

Start Processing: io/github/pulverizer/movecraft/async/AsyncManager.java
Import: com.flowpowered.math.vector.Vector3i
Import: com.google.common.collect.Lists
Import: io.github.pulverizer.movecraft.config.Settings
Import: io.github.pulverizer.movecraft.craft.Craft
Import: io.github.pulverizer.movecraft.craft.CraftManager
Import: io.github.pulverizer.movecraft.enums.CraftState
Import: io.github.pulverizer.movecraft.enums.Rotation
Import: org.spongepowered.api.Sponge
Import: org.spongepowered.api.block.BlockType
Import: org.spongepowered.api.block.BlockTypes
Import: org.spongepowered.api.data.key.Keys
Import: org.spongepowered.api.effect.sound.SoundTypes
Import: org.spongepowered.api.entity.living.player.Player
Import: org.spongepowered.api.item.inventory.entity.PlayerInventory
Import: org.spongepowered.api.text.Text
Import: org.spongepowered.api.util.Direction
Import: org.spongepowered.api.world.Location
Import: org.spongepowered.api.world.World
Adding 7 imports
        java.util.HashMap
        java.util.HashSet
        java.util.List
        java.util.Map
        java.util.Set
        java.util.concurrent.BlockingQueue
        java.util.concurrent.LinkedBlockingQueue
End  Processing: io/github/pulverizer/movecraft/async/AsyncManager.java

Start Processing: io/github/pulverizer/movecraft/async/AsyncTask.java
FOUND CONSTR method io/github/pulverizer/movecraft/async/AsyncTask/AsyncTask (Lio/github/pulverizer/movecraft/craft/Craft;Ljava/lang/String;)V io/github/pulverizer/movecraft/async/AsyncTask
Import: io.github.pulverizer.movecraft.Movecraft
Import: io.github.pulverizer.movecraft.config.Settings
Import: io.github.pulverizer.movecraft.craft.Craft
Import: org.spongepowered.api.scheduler.Task
End  Processing: io/github/pulverizer/movecraft/async/AsyncTask.java

Start Processing: io/github/pulverizer/movecraft/async/DetectionTask.java
FOUND CONSTR method io/github/pulverizer/movecraft/async/DetectionTask/DetectionTask (Lio/github/pulverizer/movecraft/craft/Craft;Lorg/spongepowered/api/world/Location;)V io/github/pulverizer/movecraft/async/DetectionTask
New Key: class java/util/Map
Import: com.flowpowered.math.vector.Vector3i
Import: io.github.pulverizer.movecraft.Movecraft
Import: io.github.pulverizer.movecraft.config.Settings
Import: io.github.pulverizer.movecraft.craft.Craft
Import: io.github.pulverizer.movecraft.craft.CraftManager
Import: io.github.pulverizer.movecraft.event.CraftDetectEvent
Import: io.github.pulverizer.movecraft.sign.CommanderSign
Import: io.github.pulverizer.movecraft.utils.*
Adding 18 imports
        java.sql.Date
        java.sql.Time
        java.util.HashMap
        java.util.HashSet
        java.util.List
        java.util.Map
        java.util.Set
        java.util.Stack
        java.util.UUID
        org.spongepowered.api.Sponge
        org.spongepowered.api.block.BlockType
        org.spongepowered.api.block.BlockTypes
        org.spongepowered.api.block.tileentity.Sign
        org.spongepowered.api.data.value.mutable.ListValue
        org.spongepowered.api.entity.living.player.Player
        org.spongepowered.api.text.Text
        org.spongepowered.api.world.Location
        org.spongepowered.api.world.World
End  Processing: io/github/pulverizer/movecraft/async/DetectionTask.java

Start Processing: io/github/pulverizer/movecraft/async/RotationTask.java
FOUND CONSTR method io/github/pulverizer/movecraft/async/RotationTask/RotationTask (Lio/github/pulverizer/movecraft/craft/Craft;Lcom/flowpowered/math/vector/Vector3i;Lio/github/pulverizer/movecraft/enums/Rotation;Lorg/spongepowered/api/world/World;Z)V io/github/pulverizer/movecraft/async/RotationTask
Import: com.flowpowered.math.vector.Vector3d
Import: com.flowpowered.math.vector.Vector3i
Import: io.github.pulverizer.movecraft.enums.CraftState
Import: io.github.pulverizer.movecraft.Movecraft
Import: io.github.pulverizer.movecraft.enums.Rotation
Import: io.github.pulverizer.movecraft.craft.Craft
Import: io.github.pulverizer.movecraft.event.CraftRotateEvent
Import: io.github.pulverizer.movecraft.mapUpdater.MapUpdateManager
Import: io.github.pulverizer.movecraft.utils.*
Import: io.github.pulverizer.movecraft.utils.HashHitBox
Import: io.github.pulverizer.movecraft.config.Settings
Import: io.github.pulverizer.movecraft.craft.CraftManager
Import: io.github.pulverizer.movecraft.mapUpdater.update.CraftRotateCommand
Import: io.github.pulverizer.movecraft.mapUpdater.update.EntityUpdateCommand
Import: io.github.pulverizer.movecraft.mapUpdater.update.UpdateCommand
Import: org.spongepowered.api.Sponge
Import: org.spongepowered.api.block.BlockType
Import: org.spongepowered.api.block.BlockTypes
Import: org.spongepowered.api.entity.Entity
Import: org.spongepowered.api.entity.EntityTypes
Import: org.spongepowered.api.entity.Item
Import: org.spongepowered.api.entity.living.player.Player
Import: org.spongepowered.api.scheduler.Task
Import: org.spongepowered.api.text.Text
Import: org.spongepowered.api.util.AABB
Import: org.spongepowered.api.util.Direction
Import: org.spongepowered.api.world.Location
Import: org.spongepowered.api.world.World
Adding 3 imports
        java.util.HashSet
        java.util.Set
        java.util.concurrent.atomic.AtomicBoolean
End  Processing: io/github/pulverizer/movecraft/async/RotationTask.java

Start Processing: io/github/pulverizer/movecraft/async/TranslationTask.java
FOUND CONSTR method io/github/pulverizer/movecraft/async/TranslationTask/TranslationTask (Lio/github/pulverizer/movecraft/craft/Craft;Lcom/flowpowered/math/vector/Vector3i;)V io/github/pulverizer/movecraft/async/TranslationTask
Import: com.flowpowered.math.vector.Vector3i
Import: com.google.common.collect.ImmutableSet
Import: io.github.pulverizer.movecraft.enums.CraftState
Import: io.github.pulverizer.movecraft.Movecraft
Import: io.github.pulverizer.movecraft.config.Settings
Import: io.github.pulverizer.movecraft.craft.Craft
Import: io.github.pulverizer.movecraft.craft.CraftManager
Import: io.github.pulverizer.movecraft.event.CraftTranslateEvent
Import: io.github.pulverizer.movecraft.mapUpdater.MapUpdateManager
Import: io.github.pulverizer.movecraft.mapUpdater.update.*
Import: io.github.pulverizer.movecraft.utils.HashHitBox
Import: org.spongepowered.api.Sponge
Import: org.spongepowered.api.block.BlockType
Import: org.spongepowered.api.block.BlockTypes
Import: org.spongepowered.api.effect.sound.SoundTypes
Import: org.spongepowered.api.entity.Entity
Import: org.spongepowered.api.entity.EntityTypes
Import: org.spongepowered.api.entity.Item
Import: org.spongepowered.api.entity.living.player.Player
Import: org.spongepowered.api.scheduler.Task
Import: org.spongepowered.api.text.Text
Import: org.spongepowered.api.util.AABB
Import: org.spongepowered.api.world.Location
Import: org.spongepowered.api.world.World
Adding 6 imports
        java.util.ArrayList
        java.util.Collection
        java.util.HashSet
        java.util.List
        java.util.concurrent.ThreadLocalRandom
        java.util.concurrent.atomic.AtomicBoolean
End  Processing: io/github/pulverizer/movecraft/async/TranslationTask.java

Start Processing: io/github/pulverizer/movecraft/config/ConfigManager.java
Import: com.google.common.reflect.TypeToken
Import: io.github.pulverizer.movecraft.Movecraft
Import: ninja.leaping.configurate.ConfigurationNode
Import: ninja.leaping.configurate.objectmapping.ObjectMappingException
Import: org.spongepowered.api.block.BlockType
Import: org.spongepowered.api.block.BlockTypes
End  Processing: io/github/pulverizer/movecraft/config/ConfigManager.java

Start Processing: io/github/pulverizer/movecraft/config/CraftType.java
FOUND CONSTR method io/github/pulverizer/movecraft/config/CraftType/CraftType (Ljava/io/File;)V io/github/pulverizer/movecraft/config/CraftType
FOUND CONSTR method io/github/pulverizer/movecraft/config/CraftType/TypeNotFoundException/TypeNotFoundException (Ljava/lang/String;)V io/github/pulverizer/movecraft/config/CraftType/TypeNotFoundException
Import: io.github.pulverizer.movecraft.Movecraft
Import: org.spongepowered.api.CatalogType
Import: org.spongepowered.api.Sponge
Import: org.spongepowered.api.block.BlockType
Import: org.spongepowered.api.block.BlockTypes
Import: org.spongepowered.api.item.ItemType
Import: org.spongepowered.api.item.ItemTypes
Import: org.yaml.snakeyaml.Yaml
Adding 13 imports
        java.io.File
        java.io.FileInputStream
        java.io.IOException
        java.io.InputStream
        java.util.ArrayList
        java.util.Collections
        java.util.HashMap
        java.util.HashSet
        java.util.List
        java.util.Map
        java.util.Optional
        java.util.Set
        java.util.function.Consumer
End  Processing: io/github/pulverizer/movecraft/config/CraftType.java

Start Processing: io/github/pulverizer/movecraft/config/Settings.java
Import: org.spongepowered.api.block.BlockType
Import: org.spongepowered.api.item.ItemType
Import: org.spongepowered.api.item.ItemTypes
Adding 2 imports
        java.util.HashSet
        java.util.Map
End  Processing: io/github/pulverizer/movecraft/config/Settings.java

Start Processing: io/github/pulverizer/movecraft/craft/Craft.java
FOUND CONSTR method io/github/pulverizer/movecraft/craft/Craft/Craft (Lio/github/pulverizer/movecraft/config/CraftType;Ljava/util/UUID;Lorg/spongepowered/api/world/Location;)V io/github/pulverizer/movecraft/craft/Craft
Import: com.flowpowered.math.vector.Vector3d
Import: com.flowpowered.math.vector.Vector3i
Import: com.sun.javafx.collections.MappingChange
Import: io.github.pulverizer.movecraft.enums.CraftState
Import: io.github.pulverizer.movecraft.enums.Rotation
Import: io.github.pulverizer.movecraft.async.AsyncTask
Import: io.github.pulverizer.movecraft.async.DetectionTask
Import: io.github.pulverizer.movecraft.async.RotationTask
Import: io.github.pulverizer.movecraft.async.TranslationTask
Import: io.github.pulverizer.movecraft.config.CraftType
Import: io.github.pulverizer.movecraft.event.CraftSinkEvent
Import: io.github.pulverizer.movecraft.utils.HashHitBox
Adding 17 imports
        java.util.HashSet
        java.util.Map
        java.util.Set
        java.util.UUID
        java.util.concurrent.atomic.AtomicBoolean
        org.spongepowered.api.Sponge
        org.spongepowered.api.block.BlockSnapshot
        org.spongepowered.api.block.BlockType
        org.spongepowered.api.block.BlockTypes
        org.spongepowered.api.block.tileentity.carrier.TileEntityCarrier
        org.spongepowered.api.item.ItemType
        org.spongepowered.api.item.inventory.Inventory
        org.spongepowered.api.item.inventory.query.QueryOperationTypes
        org.spongepowered.api.text.Text
        org.spongepowered.api.util.Direction
        org.spongepowered.api.world.Location
        org.spongepowered.api.world.World
End  Processing: io/github/pulverizer/movecraft/craft/Craft.java

Start Processing: io/github/pulverizer/movecraft/craft/CraftManager.java
FOUND CONSTR method io/github/pulverizer/movecraft/craft/CraftManager/CraftManager ()V io/github/pulverizer/movecraft/craft/CraftManager
Import: com.flowpowered.math.vector.Vector3i
Import: io.github.pulverizer.movecraft.Movecraft
Import: io.github.pulverizer.movecraft.config.CraftType
Import: org.spongepowered.api.Sponge
Import: org.spongepowered.api.block.BlockType
Import: org.spongepowered.api.block.BlockTypes
Import: org.spongepowered.api.entity.living.player.Player
Import: org.spongepowered.api.scheduler.Task
Import: org.spongepowered.api.text.Text
Import: org.spongepowered.api.world.Location
Import: org.spongepowered.api.world.World
Adding 10 imports
        java.io.File
        java.util.ArrayList
        java.util.Collections
        java.util.HashSet
        java.util.Iterator
        java.util.List
        java.util.Set
        java.util.UUID
        java.util.concurrent.ConcurrentHashMap
        java.util.concurrent.ConcurrentMap
End  Processing: io/github/pulverizer/movecraft/craft/CraftManager.java

Start Processing: io/github/pulverizer/movecraft/enums/CraftState.java
End  Processing: io/github/pulverizer/movecraft/enums/CraftState.java

Start Processing: io/github/pulverizer/movecraft/enums/Rotation.java
End  Processing: io/github/pulverizer/movecraft/enums/Rotation.java

Start Processing: io/github/pulverizer/movecraft/event/CraftCollisionEvent.java
FOUND CONSTR method io/github/pulverizer/movecraft/event/CraftCollisionEvent/CraftCollisionEvent (Lio/github/pulverizer/movecraft/craft/Craft;Lio/github/pulverizer/movecraft/utils/HashHitBox;)V io/github/pulverizer/movecraft/event/CraftCollisionEvent
Import: io.github.pulverizer.movecraft.craft.Craft
Import: io.github.pulverizer.movecraft.utils.HashHitBox
Import: org.spongepowered.api.event.Cancellable
Import: org.spongepowered.api.event.cause.Cause
End  Processing: io/github/pulverizer/movecraft/event/CraftCollisionEvent.java

Start Processing: io/github/pulverizer/movecraft/event/CraftDetectEvent.java
FOUND CONSTR method io/github/pulverizer/movecraft/event/CraftDetectEvent/CraftDetectEvent (Lio/github/pulverizer/movecraft/craft/Craft;)V io/github/pulverizer/movecraft/event/CraftDetectEvent
Import: io.github.pulverizer.movecraft.craft.Craft
Import: org.spongepowered.api.event.cause.Cause
Import: org.spongepowered.api.event.cause.EventContext
End  Processing: io/github/pulverizer/movecraft/event/CraftDetectEvent.java

Start Processing: io/github/pulverizer/movecraft/event/CraftEvent.java
FOUND CONSTR method io/github/pulverizer/movecraft/event/CraftEvent/CraftEvent (Lio/github/pulverizer/movecraft/craft/Craft;)V io/github/pulverizer/movecraft/event/CraftEvent
FOUND CONSTR method io/github/pulverizer/movecraft/event/CraftEvent/CraftEvent (Lio/github/pulverizer/movecraft/craft/Craft;Z)V io/github/pulverizer/movecraft/event/CraftEvent
Import: io.github.pulverizer.movecraft.craft.Craft
Import: org.spongepowered.api.event.impl.AbstractEvent
End  Processing: io/github/pulverizer/movecraft/event/CraftEvent.java

Start Processing: io/github/pulverizer/movecraft/event/CraftPilotEvent.java
FOUND CONSTR method io/github/pulverizer/movecraft/event/CraftPilotEvent/CraftPilotEvent (Lio/github/pulverizer/movecraft/craft/Craft;Lio/github/pulverizer/movecraft/event/CraftPilotEvent$Reason;)V io/github/pulverizer/movecraft/event/CraftPilotEvent
Import: io.github.pulverizer.movecraft.craft.Craft
Import: org.spongepowered.api.event.cause.Cause
End  Processing: io/github/pulverizer/movecraft/event/CraftPilotEvent.java

Start Processing: io/github/pulverizer/movecraft/event/CraftReleaseEvent.java
FOUND CONSTR method io/github/pulverizer/movecraft/event/CraftReleaseEvent/CraftReleaseEvent (Lio/github/pulverizer/movecraft/craft/Craft;Lio/github/pulverizer/movecraft/event/CraftReleaseEvent$Reason;)V io/github/pulverizer/movecraft/event/CraftReleaseEvent
Import: io.github.pulverizer.movecraft.craft.Craft
Import: org.spongepowered.api.event.cause.Cause
End  Processing: io/github/pulverizer/movecraft/event/CraftReleaseEvent.java

Start Processing: io/github/pulverizer/movecraft/event/CraftRotateEvent.java
FOUND CONSTR method io/github/pulverizer/movecraft/event/CraftRotateEvent/CraftRotateEvent (Lio/github/pulverizer/movecraft/craft/Craft;Lio/github/pulverizer/movecraft/utils/HitBox;Lio/github/pulverizer/movecraft/utils/HitBox;)V io/github/pulverizer/movecraft/event/CraftRotateEvent
Import: io.github.pulverizer.movecraft.craft.Craft
Import: io.github.pulverizer.movecraft.utils.HitBox
Import: org.spongepowered.api.event.Cancellable
Import: org.spongepowered.api.event.cause.Cause
End  Processing: io/github/pulverizer/movecraft/event/CraftRotateEvent.java

Start Processing: io/github/pulverizer/movecraft/event/CraftSinkEvent.java
FOUND CONSTR method io/github/pulverizer/movecraft/event/CraftSinkEvent/CraftSinkEvent (Lio/github/pulverizer/movecraft/craft/Craft;)V io/github/pulverizer/movecraft/event/CraftSinkEvent
Import: io.github.pulverizer.movecraft.craft.Craft
Import: org.spongepowered.api.event.Cancellable
Import: org.spongepowered.api.event.cause.Cause
End  Processing: io/github/pulverizer/movecraft/event/CraftSinkEvent.java

Start Processing: io/github/pulverizer/movecraft/event/CraftTranslateEvent.java
FOUND CONSTR method io/github/pulverizer/movecraft/event/CraftTranslateEvent/CraftTranslateEvent (Lio/github/pulverizer/movecraft/craft/Craft;Lio/github/pulverizer/movecraft/utils/HashHitBox;Lio/github/pulverizer/movecraft/utils/HashHitBox;)V io/github/pulverizer/movecraft/event/CraftTranslateEvent
Import: io.github.pulverizer.movecraft.craft.Craft
Import: io.github.pulverizer.movecraft.utils.HashHitBox
Import: org.spongepowered.api.event.Cancellable
Import: org.spongepowered.api.event.cause.Cause
End  Processing: io/github/pulverizer/movecraft/event/CraftTranslateEvent.java

Start Processing: io/github/pulverizer/movecraft/event/SignTranslateEvent.java
FOUND CONSTR method io/github/pulverizer/movecraft/event/SignTranslateEvent/SignTranslateEvent (Lcom/flowpowered/math/vector/Vector3i;Lio/github/pulverizer/movecraft/craft/Craft;)V io/github/pulverizer/movecraft/event/SignTranslateEvent
Import: com.flowpowered.math.vector.Vector3i
Import: io.github.pulverizer.movecraft.craft.Craft
Import: org.spongepowered.api.block.BlockSnapshot
Import: org.spongepowered.api.event.cause.Cause
Import: org.spongepowered.api.event.cause.EventContext
Import: org.spongepowered.api.world.World
End  Processing: io/github/pulverizer/movecraft/event/SignTranslateEvent.java

Start Processing: io/github/pulverizer/movecraft/exception/EmptyHitBoxException.java
End  Processing: io/github/pulverizer/movecraft/exception/EmptyHitBoxException.java

Start Processing: io/github/pulverizer/movecraft/listener/BlockListener.java
New Key: class org/spongepowered/api/event/block/ChangeBlockEvent
New Key: class org/spongepowered/api/event/block/ChangeBlockEvent
New Key: class org/spongepowered/api/data/property/block/MatterProperty
Import: com.flowpowered.math.vector.Vector3i
Import: io.github.pulverizer.movecraft.Movecraft
Import: io.github.pulverizer.movecraft.config.Settings
Import: io.github.pulverizer.movecraft.craft.Craft
Import: io.github.pulverizer.movecraft.craft.CraftManager
Import: io.github.pulverizer.movecraft.enums.CraftState
Import: io.github.pulverizer.movecraft.sign.CommanderSign
Import: io.github.pulverizer.movecraft.sign.CrewSign
Import: io.github.pulverizer.movecraft.utils.MathUtils
Import: org.spongepowered.api.Sponge
Import: org.spongepowered.api.block.BlockSnapshot
Import: org.spongepowered.api.block.BlockTypes
Import: org.spongepowered.api.data.Transaction
Import: org.spongepowered.api.data.key.Keys
Import: org.spongepowered.api.data.property.block.MatterProperty
Import: org.spongepowered.api.entity.Entity
Import: org.spongepowered.api.entity.EntityTypes
Import: org.spongepowered.api.entity.explosive.PrimedTNT
Import: org.spongepowered.api.entity.living.monster.Creeper
Import: org.spongepowered.api.entity.living.player.Player
Import: org.spongepowered.api.event.Listener
Import: org.spongepowered.api.event.block.ChangeBlockEvent
Import: org.spongepowered.api.event.cause.EventContextKey
Import: org.spongepowered.api.event.cause.EventContextKeys
Import: org.spongepowered.api.event.filter.cause.Root
Import: org.spongepowered.api.event.world.ExplosionEvent
Import: org.spongepowered.api.scheduler.Task
Import: org.spongepowered.api.text.Text
Import: org.spongepowered.api.util.AABB
Import: org.spongepowered.api.util.Direction
Import: org.spongepowered.api.world.BlockChangeFlags
Import: org.spongepowered.api.world.Location
Import: org.spongepowered.api.world.World
Import: org.spongepowered.api.world.explosion.Explosion
End  Processing: io/github/pulverizer/movecraft/listener/BlockListener.java

Start Processing: io/github/pulverizer/movecraft/listener/FireballListener.java
Import: com.flowpowered.math.vector.Vector3d
Import: io.github.pulverizer.movecraft.Movecraft
Import: io.github.pulverizer.movecraft.config.Settings
Import: io.github.pulverizer.movecraft.craft.Craft
Import: io.github.pulverizer.movecraft.craft.CraftManager
Import: org.spongepowered.api.Sponge
Import: org.spongepowered.api.block.BlockSnapshot
Import: org.spongepowered.api.block.tileentity.carrier.Dispenser
Import: org.spongepowered.api.data.key.Keys
Import: org.spongepowered.api.data.type.HandTypes
Import: org.spongepowered.api.entity.Entity
Import: org.spongepowered.api.entity.living.player.Player
Import: org.spongepowered.api.entity.projectile.explosive.fireball.SmallFireball
Import: org.spongepowered.api.event.Listener
Import: org.spongepowered.api.event.entity.MoveEntityEvent
Import: org.spongepowered.api.event.filter.Getter
Import: org.spongepowered.api.util.blockray.BlockRay
Import: org.spongepowered.api.util.blockray.BlockRayHit
Import: org.spongepowered.api.world.World
Adding 2 imports
        java.util.HashMap
        java.util.Optional
End  Processing: io/github/pulverizer/movecraft/listener/FireballListener.java

Start Processing: io/github/pulverizer/movecraft/listener/InteractListener.java
New Key: class org/spongepowered/api/event/block/InteractBlockEvent
New Key: class org/spongepowered/api/event/item/inventory/InteractItemEvent
New Key: class org/spongepowered/api/event/item/inventory/InteractItemEvent
New Key: class org/spongepowered/api/event/item/inventory/InteractItemEvent
New Key: class org/spongepowered/api/event/item/inventory/InteractItemEvent
Import: com.flowpowered.math.vector.Vector3i
Import: io.github.pulverizer.movecraft.enums.Rotation
Import: io.github.pulverizer.movecraft.utils.MathUtils
Import: io.github.pulverizer.movecraft.craft.Craft
Import: io.github.pulverizer.movecraft.config.Settings
Import: io.github.pulverizer.movecraft.craft.CraftManager
Import: org.spongepowered.api.Sponge
Import: org.spongepowered.api.block.BlockSnapshot
Import: org.spongepowered.api.block.BlockTypes
Import: org.spongepowered.api.data.key.Keys
Import: org.spongepowered.api.data.type.HandTypes
Import: org.spongepowered.api.entity.living.player.Player
Import: org.spongepowered.api.event.Listener
Import: org.spongepowered.api.event.block.InteractBlockEvent
Import: org.spongepowered.api.event.filter.cause.Root
Import: org.spongepowered.api.event.filter.type.Include
Import: org.spongepowered.api.event.item.inventory.InteractItemEvent
Import: org.spongepowered.api.text.Text
Import: org.spongepowered.api.world.BlockChangeFlags
End  Processing: io/github/pulverizer/movecraft/listener/InteractListener.java

Start Processing: io/github/pulverizer/movecraft/listener/PlayerListener.java
New Key: class org/spongepowered/api/event/network/ClientConnectionEvent
New Key: class org/spongepowered/api/event/entity/DestructEntityEvent
Import: io.github.pulverizer.movecraft.utils.MathUtils
Import: io.github.pulverizer.movecraft.craft.Craft
Import: io.github.pulverizer.movecraft.config.Settings
Import: io.github.pulverizer.movecraft.craft.CraftManager
Import: org.spongepowered.api.entity.living.player.Player
Import: org.spongepowered.api.event.Listener
Import: org.spongepowered.api.event.entity.DestructEntityEvent
Import: org.spongepowered.api.event.entity.MoveEntityEvent
Import: org.spongepowered.api.event.filter.Getter
Import: org.spongepowered.api.event.filter.cause.Root
Import: org.spongepowered.api.event.network.ClientConnectionEvent
Import: org.spongepowered.api.text.Text
Adding 3 imports
        java.util.Map
        java.util.UUID
        java.util.WeakHashMap
End  Processing: io/github/pulverizer/movecraft/listener/PlayerListener.java

Start Processing: io/github/pulverizer/movecraft/listener/SignListener.java
New Key: class org/spongepowered/api/event/block/InteractBlockEvent
New Key: class org/spongepowered/api/event/block/InteractBlockEvent
New Key: class org/spongepowered/api/event/block/InteractBlockEvent
New Key: class org/spongepowered/api/event/block/InteractBlockEvent
New Key: class org/spongepowered/api/event/block/InteractBlockEvent
Import: io.github.pulverizer.movecraft.config.Settings
Import: io.github.pulverizer.movecraft.craft.Craft
Import: io.github.pulverizer.movecraft.craft.CraftManager
Import: io.github.pulverizer.movecraft.event.CraftDetectEvent
Import: io.github.pulverizer.movecraft.event.SignTranslateEvent
Import: io.github.pulverizer.movecraft.sign.*
Import: io.github.pulverizer.movecraft.utils.HashHitBox
Import: org.spongepowered.api.block.BlockSnapshot
Import: org.spongepowered.api.block.BlockTypes
Import: org.spongepowered.api.block.tileentity.Sign
Import: org.spongepowered.api.entity.living.player.Player
Import: org.spongepowered.api.event.Listener
Import: org.spongepowered.api.event.block.InteractBlockEvent
Import: org.spongepowered.api.event.block.tileentity.ChangeSignEvent
Import: org.spongepowered.api.event.filter.cause.Root
Import: org.spongepowered.api.event.filter.type.Include
Import: org.spongepowered.api.world.World
End  Processing: io/github/pulverizer/movecraft/listener/SignListener.java

Start Processing: io/github/pulverizer/movecraft/listener/TNTListener.java
FOUND CONSTR method io/github/pulverizer/movecraft/listener/TNTListener/TNTListener ()V io/github/pulverizer/movecraft/listener/TNTListener
New Key: class org/spongepowered/api/event/world/ExplosionEvent
New Key: class org/spongepowered/api/event/world/ExplosionEvent
New Key: class org/spongepowered/api/data/property/block/MatterProperty
New Key: class org/spongepowered/api/data/property/block/MatterProperty
Import: com.flowpowered.math.vector.Vector3d
Import: com.flowpowered.math.vector.Vector3i
Import: io.github.pulverizer.movecraft.Movecraft
Import: io.github.pulverizer.movecraft.async.AsyncManager
Import: io.github.pulverizer.movecraft.config.Settings
Import: io.github.pulverizer.movecraft.craft.Craft
Import: io.github.pulverizer.movecraft.craft.CraftManager
Import: org.spongepowered.api.Sponge
Import: org.spongepowered.api.block.BlockSnapshot
Import: org.spongepowered.api.block.BlockType
Import: org.spongepowered.api.block.BlockTypes
Import: org.spongepowered.api.data.key.Keys
Import: org.spongepowered.api.data.property.block.MatterProperty
Import: org.spongepowered.api.data.type.HandTypes
Import: org.spongepowered.api.entity.Entity
Import: org.spongepowered.api.entity.explosive.PrimedTNT
Import: org.spongepowered.api.entity.living.player.Player
Import: org.spongepowered.api.event.Listener
Import: org.spongepowered.api.event.entity.MoveEntityEvent
Import: org.spongepowered.api.event.filter.Getter
Import: org.spongepowered.api.event.world.ExplosionEvent
Import: org.spongepowered.api.scheduler.Task
Import: org.spongepowered.api.util.AABB
Import: org.spongepowered.api.util.Direction
Import: org.spongepowered.api.util.blockray.BlockRay
Import: org.spongepowered.api.util.blockray.BlockRayHit
Import: org.spongepowered.api.world.BlockChangeFlags
Import: org.spongepowered.api.world.Location
Import: org.spongepowered.api.world.World
Import: org.spongepowered.api.world.explosion.Explosion
Adding 6 imports
        java.util.ArrayList
        java.util.Collection
        java.util.HashMap
        java.util.HashSet
        java.util.List
        java.util.Optional
End  Processing: io/github/pulverizer/movecraft/listener/TNTListener.java

Start Processing: io/github/pulverizer/movecraft/mapUpdater/MapUpdateManager.java
FOUND CONSTR method io/github/pulverizer/movecraft/mapUpdater/MapUpdateManager/MapUpdateManager ()V io/github/pulverizer/movecraft/mapUpdater/MapUpdateManager
Import: io.github.pulverizer.movecraft.config.Settings
Import: io.github.pulverizer.movecraft.mapUpdater.update.UpdateCommand
Import: org.spongepowered.api.Sponge
Import: org.spongepowered.api.text.Text
Adding 4 imports
        java.util.Collection
        java.util.Collections
        java.util.Queue
        java.util.concurrent.ConcurrentLinkedQueue
End  Processing: io/github/pulverizer/movecraft/mapUpdater/MapUpdateManager.java

Start Processing: io/github/pulverizer/movecraft/mapUpdater/update/BlockCreateCommand.java
FOUND CONSTR method io/github/pulverizer/movecraft/mapUpdater/update/BlockCreateCommand/BlockCreateCommand (Lorg/spongepowered/api/world/World;Lcom/flowpowered/math/vector/Vector3i;Lorg/spongepowered/api/block/BlockSnapshot;)V io/github/pulverizer/movecraft/mapUpdater/update/BlockCreateCommand
FOUND CONSTR method io/github/pulverizer/movecraft/mapUpdater/update/BlockCreateCommand/BlockCreateCommand (Lorg/spongepowered/api/world/World;Lcom/flowpowered/math/vector/Vector3i;Lorg/spongepowered/api/block/BlockType;)V io/github/pulverizer/movecraft/mapUpdater/update/BlockCreateCommand
Import: com.flowpowered.math.vector.Vector3i
Import: org.spongepowered.api.block.BlockSnapshot
Import: org.spongepowered.api.block.BlockType
Import: org.spongepowered.api.world.BlockChangeFlags
Import: org.spongepowered.api.world.Location
Import: org.spongepowered.api.world.World
Adding 1 imports
        java.util.Objects
End  Processing: io/github/pulverizer/movecraft/mapUpdater/update/BlockCreateCommand.java

Start Processing: io/github/pulverizer/movecraft/mapUpdater/update/CraftRotateCommand.java
FOUND CONSTR method io/github/pulverizer/movecraft/mapUpdater/update/CraftRotateCommand/CraftRotateCommand (Lio/github/pulverizer/movecraft/craft/Craft;Lcom/flowpowered/math/vector/Vector3i;Lio/github/pulverizer/movecraft/enums/Rotation;)V io/github/pulverizer/movecraft/mapUpdater/update/CraftRotateCommand
Import: com.flowpowered.math.vector.Vector3i
Import: io.github.pulverizer.movecraft.*
Import: io.github.pulverizer.movecraft.config.Settings
Import: io.github.pulverizer.movecraft.craft.Craft
Import: io.github.pulverizer.movecraft.craft.CraftManager
Import: io.github.pulverizer.movecraft.enums.CraftState
Import: io.github.pulverizer.movecraft.enums.Rotation
Import: io.github.pulverizer.movecraft.event.SignTranslateEvent
Import: io.github.pulverizer.movecraft.utils.*
Import: org.slf4j.Logger
Import: org.spongepowered.api.Sponge
Import: org.spongepowered.api.block.BlockSnapshot
Import: org.spongepowered.api.block.BlockType
Import: org.spongepowered.api.block.BlockTypes
Import: org.spongepowered.api.world.BlockChangeFlags
Import: org.spongepowered.api.world.Location
Import: org.spongepowered.api.world.World
Adding 5 imports
        java.util.HashSet
        java.util.LinkedList
        java.util.Objects
        java.util.Queue
        java.util.Set
End  Processing: io/github/pulverizer/movecraft/mapUpdater/update/CraftRotateCommand.java

Start Processing: io/github/pulverizer/movecraft/mapUpdater/update/CraftTranslateCommand.java
FOUND CONSTR method io/github/pulverizer/movecraft/mapUpdater/update/CraftTranslateCommand/CraftTranslateCommand (Lio/github/pulverizer/movecraft/craft/Craft;Lcom/flowpowered/math/vector/Vector3i;Lio/github/pulverizer/movecraft/utils/HashHitBox;)V io/github/pulverizer/movecraft/mapUpdater/update/CraftTranslateCommand
Import: com.flowpowered.math.vector.Vector3i
Import: io.github.pulverizer.movecraft.enums.CraftState
Import: io.github.pulverizer.movecraft.Movecraft
Import: io.github.pulverizer.movecraft.WorldHandler
Import: io.github.pulverizer.movecraft.config.Settings
Import: io.github.pulverizer.movecraft.craft.Craft
Import: io.github.pulverizer.movecraft.craft.CraftManager
Import: io.github.pulverizer.movecraft.event.SignTranslateEvent
Import: io.github.pulverizer.movecraft.utils.CollectionUtils
Import: io.github.pulverizer.movecraft.utils.HashHitBox
Import: io.github.pulverizer.movecraft.utils.HitBox
Import: io.github.pulverizer.movecraft.utils.MutableHitBox
Import: io.github.pulverizer.movecraft.utils.SolidHitBox
Import: org.slf4j.Logger
Import: org.spongepowered.api.Sponge
Import: org.spongepowered.api.block.BlockSnapshot
Import: org.spongepowered.api.block.BlockType
Import: org.spongepowered.api.block.BlockTypes
Import: org.spongepowered.api.world.BlockChangeFlags
Import: org.spongepowered.api.world.Location
Import: org.spongepowered.api.world.World
Adding 5 imports
        java.util.HashSet
        java.util.LinkedList
        java.util.Objects
        java.util.Queue
        java.util.Set
End  Processing: io/github/pulverizer/movecraft/mapUpdater/update/CraftTranslateCommand.java

Start Processing: io/github/pulverizer/movecraft/mapUpdater/update/EntityUpdateCommand.java
FOUND CONSTR method io/github/pulverizer/movecraft/mapUpdater/update/EntityUpdateCommand/EntityUpdateCommand (Lorg/spongepowered/api/entity/Entity;Lcom/flowpowered/math/vector/Vector3d;F)V io/github/pulverizer/movecraft/mapUpdater/update/EntityUpdateCommand
Import: com.flowpowered.math.vector.Vector3d
Import: io.github.pulverizer.movecraft.Movecraft
Import: io.github.pulverizer.movecraft.config.Settings
Import: org.spongepowered.api.entity.Entity
Adding 1 imports
        java.util.Objects
End  Processing: io/github/pulverizer/movecraft/mapUpdater/update/EntityUpdateCommand.java

Start Processing: io/github/pulverizer/movecraft/mapUpdater/update/ExplosionUpdateCommand.java
FOUND CONSTR method io/github/pulverizer/movecraft/mapUpdater/update/ExplosionUpdateCommand/ExplosionUpdateCommand (Lorg/spongepowered/api/world/World;Lcom/flowpowered/math/vector/Vector3i;F)V io/github/pulverizer/movecraft/mapUpdater/update/ExplosionUpdateCommand
Import: com.flowpowered.math.vector.Vector3i
Import: org.spongepowered.api.Sponge
Import: org.spongepowered.api.world.Location
Import: org.spongepowered.api.world.World
Import: org.spongepowered.api.world.explosion.Explosion
Adding 1 imports
        java.util.Objects
End  Processing: io/github/pulverizer/movecraft/mapUpdater/update/ExplosionUpdateCommand.java

Start Processing: io/github/pulverizer/movecraft/mapUpdater/update/ItemDropUpdateCommand.java
FOUND CONSTR method io/github/pulverizer/movecraft/mapUpdater/update/ItemDropUpdateCommand/ItemDropUpdateCommand (Lorg/spongepowered/api/world/Location;Lorg/spongepowered/api/item/inventory/ItemStack;)V io/github/pulverizer/movecraft/mapUpdater/update/ItemDropUpdateCommand
Import: io.github.pulverizer.movecraft.Movecraft
Import: org.spongepowered.api.data.key.Keys
Import: org.spongepowered.api.entity.Entity
Import: org.spongepowered.api.entity.EntityTypes
Import: org.spongepowered.api.item.inventory.ItemStack
Import: org.spongepowered.api.scheduler.Task
Import: org.spongepowered.api.world.Location
Import: org.spongepowered.api.world.World
Adding 1 imports
        java.util.Objects
End  Processing: io/github/pulverizer/movecraft/mapUpdater/update/ItemDropUpdateCommand.java

Start Processing: io/github/pulverizer/movecraft/mapUpdater/update/ParticleUpdateCommand.java
FOUND CONSTR method io/github/pulverizer/movecraft/mapUpdater/update/ParticleUpdateCommand/ParticleUpdateCommand (Lorg/spongepowered/api/world/Location;I)V io/github/pulverizer/movecraft/mapUpdater/update/ParticleUpdateCommand
Import: io.github.pulverizer.movecraft.config.Settings
Import: org.spongepowered.api.effect.particle.ParticleEffect
Import: org.spongepowered.api.effect.particle.ParticleTypes
Import: org.spongepowered.api.entity.Entity
Import: org.spongepowered.api.entity.living.player.Player
Import: org.spongepowered.api.world.Location
Import: org.spongepowered.api.world.World
Adding 1 imports
        java.util.Random
End  Processing: io/github/pulverizer/movecraft/mapUpdater/update/ParticleUpdateCommand.java

Start Processing: io/github/pulverizer/movecraft/mapUpdater/update/UpdateCommand.java
End  Processing: io/github/pulverizer/movecraft/mapUpdater/update/UpdateCommand.java

Start Processing: io/github/pulverizer/movecraft/sign/AntiAircraftDirectorSign.java
New Key: class org/spongepowered/api/event/block/InteractBlockEvent
Import: io.github.pulverizer.movecraft.craft.Craft
Import: io.github.pulverizer.movecraft.craft.CraftManager
Import: org.spongepowered.api.block.BlockSnapshot
Import: org.spongepowered.api.block.tileentity.Sign
Import: org.spongepowered.api.entity.living.player.Player
Import: org.spongepowered.api.event.block.InteractBlockEvent
Import: org.spongepowered.api.text.Text
End  Processing: io/github/pulverizer/movecraft/sign/AntiAircraftDirectorSign.java

Start Processing: io/github/pulverizer/movecraft/sign/AscendSign.java
New Key: class org/spongepowered/api/event/block/InteractBlockEvent
Import: com.flowpowered.math.vector.Vector3i
Import: io.github.pulverizer.movecraft.enums.CraftState
Import: io.github.pulverizer.movecraft.craft.Craft
Import: io.github.pulverizer.movecraft.craft.CraftManager
Import: io.github.pulverizer.movecraft.event.CraftDetectEvent
Import: io.github.pulverizer.movecraft.utils.HashHitBox
Import: org.spongepowered.api.Sponge
Import: org.spongepowered.api.block.BlockSnapshot
Import: org.spongepowered.api.block.BlockTypes
Import: org.spongepowered.api.block.tileentity.Sign
Import: org.spongepowered.api.data.value.mutable.ListValue
Import: org.spongepowered.api.entity.living.player.Player
Import: org.spongepowered.api.event.block.InteractBlockEvent
Import: org.spongepowered.api.text.Text
Import: org.spongepowered.api.util.Direction
Import: org.spongepowered.api.world.World
End  Processing: io/github/pulverizer/movecraft/sign/AscendSign.java

Start Processing: io/github/pulverizer/movecraft/sign/CannonDirectorSign.java
New Key: class org/spongepowered/api/event/block/InteractBlockEvent
Import: io.github.pulverizer.movecraft.craft.Craft
Import: io.github.pulverizer.movecraft.utils.MathUtils
Import: io.github.pulverizer.movecraft.craft.CraftManager
Import: org.spongepowered.api.block.BlockSnapshot
Import: org.spongepowered.api.block.BlockTypes
Import: org.spongepowered.api.block.tileentity.Sign
Import: org.spongepowered.api.entity.living.player.Player
Import: org.spongepowered.api.event.Listener
Import: org.spongepowered.api.event.block.InteractBlockEvent
Import: org.spongepowered.api.event.filter.cause.Root
Import: org.spongepowered.api.event.filter.type.Include
Import: org.spongepowered.api.text.Text
Import: org.spongepowered.api.world.World
End  Processing: io/github/pulverizer/movecraft/sign/CannonDirectorSign.java

Start Processing: io/github/pulverizer/movecraft/sign/CommanderSign.java
New Key: class org/spongepowered/api/event/block/ChangeBlockEvent
New Key: class java/util/Map
Import: io.github.pulverizer.movecraft.Movecraft
Import: org.spongepowered.api.block.BlockSnapshot
Import: org.spongepowered.api.block.BlockTypes
Import: org.spongepowered.api.block.tileentity.Sign
Import: org.spongepowered.api.data.Transaction
Import: org.spongepowered.api.data.value.mutable.ListValue
Import: org.spongepowered.api.entity.living.player.Player
Import: org.spongepowered.api.event.block.ChangeBlockEvent
Import: org.spongepowered.api.event.block.tileentity.ChangeSignEvent
Import: org.spongepowered.api.text.Text
Adding 12 imports
        java.sql.Connection
        java.sql.Date
        java.sql.PreparedStatement
        java.sql.ResultSet
        java.sql.SQLException
        java.sql.Time
        java.util.ArrayList
        java.util.Collections
        java.util.HashMap
        java.util.List
        java.util.Map
        java.util.UUID
End  Processing: io/github/pulverizer/movecraft/sign/CommanderSign.java

Start Processing: io/github/pulverizer/movecraft/sign/ContactsSign.java
Import: com.flowpowered.math.vector.Vector3i
Import: io.github.pulverizer.movecraft.craft.Craft
Import: io.github.pulverizer.movecraft.event.CraftDetectEvent
Import: io.github.pulverizer.movecraft.event.SignTranslateEvent
Import: io.github.pulverizer.movecraft.craft.CraftManager
Import: io.github.pulverizer.movecraft.utils.HashHitBox
Import: org.spongepowered.api.block.BlockSnapshot
Import: org.spongepowered.api.block.BlockTypes
Import: org.spongepowered.api.block.tileentity.Sign
Import: org.spongepowered.api.data.value.mutable.ListValue
Import: org.spongepowered.api.event.Listener
Import: org.spongepowered.api.text.Text
Import: org.spongepowered.api.text.format.TextColors
Import: org.spongepowered.api.world.World
End  Processing: io/github/pulverizer/movecraft/sign/ContactsSign.java

Start Processing: io/github/pulverizer/movecraft/sign/CraftSign.java
New Key: class org/spongepowered/api/event/block/InteractBlockEvent
Import: io.github.pulverizer.movecraft.enums.CraftState
Import: io.github.pulverizer.movecraft.Movecraft
Import: io.github.pulverizer.movecraft.craft.Craft
Import: io.github.pulverizer.movecraft.config.CraftType
Import: io.github.pulverizer.movecraft.config.Settings
Import: io.github.pulverizer.movecraft.craft.CraftManager
Import: org.spongepowered.api.Sponge
Import: org.spongepowered.api.block.BlockSnapshot
Import: org.spongepowered.api.block.tileentity.Sign
Import: org.spongepowered.api.data.key.Keys
Import: org.spongepowered.api.data.value.mutable.ListValue
Import: org.spongepowered.api.entity.living.player.Player
Import: org.spongepowered.api.event.block.InteractBlockEvent
Import: org.spongepowered.api.event.block.tileentity.ChangeSignEvent
Import: org.spongepowered.api.scheduler.Task
Import: org.spongepowered.api.text.Text
Import: org.spongepowered.api.util.Direction
Import: org.spongepowered.api.world.Location
Import: org.spongepowered.api.world.World
End  Processing: io/github/pulverizer/movecraft/sign/CraftSign.java

Start Processing: io/github/pulverizer/movecraft/sign/CrewSign.java
New Key: class org/spongepowered/api/event/block/ChangeBlockEvent
Import: com.flowpowered.math.vector.Vector3d
Import: com.flowpowered.math.vector.Vector3i
Import: io.github.pulverizer.movecraft.Movecraft
Import: io.github.pulverizer.movecraft.enums.CraftState
Import: io.github.pulverizer.movecraft.craft.Craft
Import: io.github.pulverizer.movecraft.craft.CraftManager
Import: io.github.pulverizer.movecraft.event.CraftDetectEvent
Import: io.github.pulverizer.movecraft.event.SignTranslateEvent
Import: io.github.pulverizer.movecraft.config.Settings
Import: io.github.pulverizer.movecraft.utils.HashHitBox
Import: org.spongepowered.api.Sponge
Import: org.spongepowered.api.block.BlockSnapshot
Import: org.spongepowered.api.block.BlockTypes
Import: org.spongepowered.api.block.tileentity.Sign
Import: org.spongepowered.api.data.Transaction
Import: org.spongepowered.api.data.key.Key
Import: org.spongepowered.api.data.key.Keys
Import: org.spongepowered.api.data.manipulator.immutable.tileentity.ImmutableSignData
Import: org.spongepowered.api.data.value.immutable.ImmutableListValue
Import: org.spongepowered.api.data.value.mutable.ListValue
Import: org.spongepowered.api.data.value.mutable.MapValue
Import: org.spongepowered.api.entity.Transform
Import: org.spongepowered.api.entity.living.player.Player
Import: org.spongepowered.api.entity.living.player.User
Import: org.spongepowered.api.event.Listener
Import: org.spongepowered.api.event.block.ChangeBlockEvent
Import: org.spongepowered.api.event.block.InteractBlockEvent
Import: org.spongepowered.api.event.block.tileentity.ChangeSignEvent
Import: org.spongepowered.api.event.entity.living.humanoid.player.RespawnPlayerEvent
Import: org.spongepowered.api.text.Text
Import: org.spongepowered.api.util.RespawnLocation
Import: org.spongepowered.api.world.Location
Import: org.spongepowered.api.world.World
Adding 9 imports
        java.sql.Connection
        java.sql.PreparedStatement
        java.sql.ResultSet
        java.sql.SQLException
        java.util.ArrayList
        java.util.Collections
        java.util.HashMap
        java.util.List
        java.util.UUID
End  Processing: io/github/pulverizer/movecraft/sign/CrewSign.java

Start Processing: io/github/pulverizer/movecraft/sign/CruiseSign.java
New Key: class org/spongepowered/api/event/block/InteractBlockEvent
Import: com.flowpowered.math.vector.Vector3i
Import: io.github.pulverizer.movecraft.enums.CraftState
Import: io.github.pulverizer.movecraft.config.Settings
Import: io.github.pulverizer.movecraft.craft.Craft
Import: io.github.pulverizer.movecraft.craft.CraftManager
Import: io.github.pulverizer.movecraft.event.CraftDetectEvent
Import: io.github.pulverizer.movecraft.utils.HashHitBox
Import: org.spongepowered.api.Sponge
Import: org.spongepowered.api.block.BlockSnapshot
Import: org.spongepowered.api.block.BlockTypes
Import: org.spongepowered.api.block.tileentity.Sign
Import: org.spongepowered.api.data.key.Keys
Import: org.spongepowered.api.data.value.mutable.ListValue
Import: org.spongepowered.api.entity.living.player.Player
Import: org.spongepowered.api.event.block.InteractBlockEvent
Import: org.spongepowered.api.event.block.tileentity.ChangeSignEvent
Import: org.spongepowered.api.text.Text
Import: org.spongepowered.api.util.Direction
Import: org.spongepowered.api.world.World
End  Processing: io/github/pulverizer/movecraft/sign/CruiseSign.java

Start Processing: io/github/pulverizer/movecraft/sign/DescendSign.java
New Key: class org/spongepowered/api/event/block/InteractBlockEvent
Import: com.flowpowered.math.vector.Vector3i
Import: io.github.pulverizer.movecraft.enums.CraftState
Import: io.github.pulverizer.movecraft.craft.Craft
Import: io.github.pulverizer.movecraft.craft.CraftManager
Import: io.github.pulverizer.movecraft.event.CraftDetectEvent
Import: io.github.pulverizer.movecraft.utils.HashHitBox
Import: org.spongepowered.api.Sponge
Import: org.spongepowered.api.block.BlockSnapshot
Import: org.spongepowered.api.block.BlockTypes
Import: org.spongepowered.api.block.tileentity.Sign
Import: org.spongepowered.api.data.value.mutable.ListValue
Import: org.spongepowered.api.entity.living.player.Player
Import: org.spongepowered.api.event.block.InteractBlockEvent
Import: org.spongepowered.api.text.Text
Import: org.spongepowered.api.util.Direction
Import: org.spongepowered.api.world.World
End  Processing: io/github/pulverizer/movecraft/sign/DescendSign.java

Start Processing: io/github/pulverizer/movecraft/sign/HelmSign.java
New Key: class org/spongepowered/api/event/block/InteractBlockEvent
New Key: class org/spongepowered/api/event/block/InteractBlockEvent
Import: io.github.pulverizer.movecraft.enums.Rotation
Import: io.github.pulverizer.movecraft.craft.Craft
Import: io.github.pulverizer.movecraft.utils.MathUtils
Import: io.github.pulverizer.movecraft.craft.CraftManager
Import: org.spongepowered.api.block.BlockSnapshot
Import: org.spongepowered.api.block.BlockTypes
Import: org.spongepowered.api.block.tileentity.Sign
Import: org.spongepowered.api.data.value.mutable.ListValue
Import: org.spongepowered.api.entity.living.player.Player
Import: org.spongepowered.api.event.Listener
Import: org.spongepowered.api.event.block.InteractBlockEvent
Import: org.spongepowered.api.event.block.tileentity.ChangeSignEvent
Import: org.spongepowered.api.event.filter.cause.Root
Import: org.spongepowered.api.event.filter.type.Include
Import: org.spongepowered.api.text.Text
End  Processing: io/github/pulverizer/movecraft/sign/HelmSign.java

Start Processing: io/github/pulverizer/movecraft/sign/MoveSign.java
New Key: class org/spongepowered/api/event/block/InteractBlockEvent
Import: com.flowpowered.math.vector.Vector3i
Import: io.github.pulverizer.movecraft.enums.Rotation
Import: io.github.pulverizer.movecraft.craft.CraftManager
Import: org.spongepowered.api.Sponge
Import: org.spongepowered.api.block.BlockSnapshot
Import: org.spongepowered.api.block.tileentity.Sign
Import: org.spongepowered.api.data.value.mutable.ListValue
Import: org.spongepowered.api.entity.living.player.Player
Import: org.spongepowered.api.event.block.InteractBlockEvent
Import: org.spongepowered.api.text.Text
End  Processing: io/github/pulverizer/movecraft/sign/MoveSign.java

Start Processing: io/github/pulverizer/movecraft/sign/PilotSign.java
New Key: class org/spongepowered/api/event/block/InteractBlockEvent
Import: io.github.pulverizer.movecraft.craft.Craft
Import: io.github.pulverizer.movecraft.craft.CraftManager
Import: io.github.pulverizer.movecraft.utils.MathUtils
Import: org.spongepowered.api.block.BlockSnapshot
Import: org.spongepowered.api.block.BlockTypes
Import: org.spongepowered.api.block.tileentity.Sign
Import: org.spongepowered.api.entity.living.player.Player
Import: org.spongepowered.api.event.Listener
Import: org.spongepowered.api.event.block.InteractBlockEvent
Import: org.spongepowered.api.event.filter.cause.Root
Import: org.spongepowered.api.event.filter.type.Include
Import: org.spongepowered.api.text.Text
Import: org.spongepowered.api.world.World
End  Processing: io/github/pulverizer/movecraft/sign/PilotSign.java

Start Processing: io/github/pulverizer/movecraft/sign/RelativeMoveSign.java
New Key: class org/spongepowered/api/event/block/InteractBlockEvent
Import: com.flowpowered.math.vector.Vector3i
Import: io.github.pulverizer.movecraft.enums.Rotation
Import: io.github.pulverizer.movecraft.craft.CraftManager
Import: org.spongepowered.api.Sponge
Import: org.spongepowered.api.block.BlockSnapshot
Import: org.spongepowered.api.block.tileentity.Sign
Import: org.spongepowered.api.data.key.Keys
Import: org.spongepowered.api.data.value.mutable.ListValue
Import: org.spongepowered.api.entity.living.player.Player
Import: org.spongepowered.api.event.block.InteractBlockEvent
Import: org.spongepowered.api.text.Text
Import: org.spongepowered.api.util.Direction
End  Processing: io/github/pulverizer/movecraft/sign/RelativeMoveSign.java

Start Processing: io/github/pulverizer/movecraft/sign/ReleaseSign.java
New Key: class org/spongepowered/api/event/block/InteractBlockEvent
Import: io.github.pulverizer.movecraft.craft.Craft
Import: io.github.pulverizer.movecraft.craft.CraftManager
Import: org.spongepowered.api.block.BlockSnapshot
Import: org.spongepowered.api.block.BlockTypes
Import: org.spongepowered.api.block.tileentity.Sign
Import: org.spongepowered.api.data.value.mutable.ListValue
Import: org.spongepowered.api.entity.living.player.Player
Import: org.spongepowered.api.event.Listener
Import: org.spongepowered.api.event.block.InteractBlockEvent
Import: org.spongepowered.api.event.filter.cause.Root
Import: org.spongepowered.api.text.Text
End  Processing: io/github/pulverizer/movecraft/sign/ReleaseSign.java

Start Processing: io/github/pulverizer/movecraft/sign/RemoteSign.java
New Key: class org/spongepowered/api/event/block/InteractBlockEvent
New Key: class org/spongepowered/api/event/block/InteractBlockEvent
Import: com.flowpowered.math.vector.Vector3i
Import: io.github.pulverizer.movecraft.utils.MathUtils
Import: io.github.pulverizer.movecraft.craft.Craft
Import: io.github.pulverizer.movecraft.craft.CraftManager
Adding 12 imports
        java.util.LinkedList
        org.spongepowered.api.Sponge
        org.spongepowered.api.block.BlockSnapshot
        org.spongepowered.api.block.BlockTypes
        org.spongepowered.api.block.tileentity.Sign
        org.spongepowered.api.data.type.HandTypes
        org.spongepowered.api.entity.living.player.Player
        org.spongepowered.api.event.SpongeEventFactory
        org.spongepowered.api.event.block.InteractBlockEvent
        org.spongepowered.api.text.Text
        org.spongepowered.api.util.Tristate
        org.spongepowered.api.world.World
End  Processing: io/github/pulverizer/movecraft/sign/RemoteSign.java

Start Processing: io/github/pulverizer/movecraft/sign/SpeedSign.java
Import: com.flowpowered.math.vector.Vector3i
Import: io.github.pulverizer.movecraft.craft.Craft
Import: io.github.pulverizer.movecraft.event.CraftDetectEvent
Import: io.github.pulverizer.movecraft.event.SignTranslateEvent
Import: io.github.pulverizer.movecraft.utils.HashHitBox
Import: org.spongepowered.api.block.BlockSnapshot
Import: org.spongepowered.api.block.BlockTypes
Import: org.spongepowered.api.block.tileentity.Sign
Import: org.spongepowered.api.data.value.mutable.ListValue
Import: org.spongepowered.api.event.Listener
Import: org.spongepowered.api.text.Text
Import: org.spongepowered.api.world.World
End  Processing: io/github/pulverizer/movecraft/sign/SpeedSign.java

Start Processing: io/github/pulverizer/movecraft/sign/StatusSign.java
New Key: class java/util/Map
New Key: class java/util/Map
Import: com.flowpowered.math.vector.Vector3i
Import: io.github.pulverizer.movecraft.Movecraft
Import: io.github.pulverizer.movecraft.craft.Craft
Import: io.github.pulverizer.movecraft.event.CraftDetectEvent
Import: io.github.pulverizer.movecraft.event.SignTranslateEvent
Import: io.github.pulverizer.movecraft.utils.HashHitBox
Import: org.slf4j.Logger
Import: org.spongepowered.api.block.BlockSnapshot
Import: org.spongepowered.api.block.BlockType
Import: org.spongepowered.api.block.BlockTypes
Import: org.spongepowered.api.block.tileentity.Sign
Import: org.spongepowered.api.data.value.mutable.ListValue
Import: org.spongepowered.api.event.Listener
Import: org.spongepowered.api.text.Text
Import: org.spongepowered.api.text.format.TextColor
Import: org.spongepowered.api.text.format.TextColors
Import: org.spongepowered.api.world.World
Adding 4 imports
        java.util.HashMap
        java.util.List
        java.util.Map
        java.util.Set
End  Processing: io/github/pulverizer/movecraft/sign/StatusSign.java

Start Processing: io/github/pulverizer/movecraft/sign/SubcraftRotateSign.java
New Key: class org/spongepowered/api/event/block/InteractBlockEvent
New Key: class org/spongepowered/api/event/block/InteractBlockEvent
Import: com.flowpowered.math.vector.Vector3i
Import: io.github.pulverizer.movecraft.Movecraft
Import: io.github.pulverizer.movecraft.enums.Rotation
Import: io.github.pulverizer.movecraft.craft.Craft
Import: io.github.pulverizer.movecraft.craft.CraftManager
Import: io.github.pulverizer.movecraft.config.CraftType
Import: org.spongepowered.api.block.BlockSnapshot
Import: org.spongepowered.api.block.BlockTypes
Import: org.spongepowered.api.block.tileentity.Sign
Import: org.spongepowered.api.data.value.mutable.ListValue
Import: org.spongepowered.api.entity.living.player.Player
Import: org.spongepowered.api.event.Listener
Import: org.spongepowered.api.event.block.InteractBlockEvent
Import: org.spongepowered.api.event.filter.cause.Root
Import: org.spongepowered.api.event.filter.type.Include
Import: org.spongepowered.api.scheduler.Task
Import: org.spongepowered.api.text.Text
Import: org.spongepowered.api.world.Location
Import: org.spongepowered.api.world.World
Adding 3 imports
        java.util.HashSet
        java.util.Set
        java.util.UUID
End  Processing: io/github/pulverizer/movecraft/sign/SubcraftRotateSign.java

Start Processing: io/github/pulverizer/movecraft/sign/TeleportSign.java
New Key: class org/spongepowered/api/event/block/InteractBlockEvent
Import: com.flowpowered.math.vector.Vector3i
Import: io.github.pulverizer.movecraft.craft.Craft
Import: io.github.pulverizer.movecraft.enums.Rotation
Import: io.github.pulverizer.movecraft.craft.CraftManager
Import: org.spongepowered.api.block.BlockSnapshot
Import: org.spongepowered.api.block.BlockTypes
Import: org.spongepowered.api.block.tileentity.Sign
Import: org.spongepowered.api.entity.living.player.Player
Import: org.spongepowered.api.event.Listener
Import: org.spongepowered.api.event.block.InteractBlockEvent
Import: org.spongepowered.api.event.filter.cause.Root
Import: org.spongepowered.api.text.Text
End  Processing: io/github/pulverizer/movecraft/sign/TeleportSign.java

Start Processing: io/github/pulverizer/movecraft/utils/BoundingBoxUtils.java
Import: com.flowpowered.math.vector.Vector3i
End  Processing: io/github/pulverizer/movecraft/utils/BoundingBoxUtils.java

Start Processing: io/github/pulverizer/movecraft/utils/ChatUtils.java
Import: org.spongepowered.api.text.format.TextColors
End  Processing: io/github/pulverizer/movecraft/utils/ChatUtils.java

Start Processing: io/github/pulverizer/movecraft/utils/CollectionUtils.java
Import: com.flowpowered.math.vector.Vector3i
Adding 5 imports
        java.util.ArrayList
        java.util.Collection
        java.util.Collections
        java.util.HashSet
        java.util.List
End  Processing: io/github/pulverizer/movecraft/utils/CollectionUtils.java

Start Processing: io/github/pulverizer/movecraft/utils/HashHitBox.java
FOUND CONSTR method io/github/pulverizer/movecraft/utils/HashHitBox/HashHitBox ()V io/github/pulverizer/movecraft/utils/HashHitBox
FOUND CONSTR method io/github/pulverizer/movecraft/utils/HashHitBox/HashHitBox (Ljava/util/Collection;)V io/github/pulverizer/movecraft/utils/HashHitBox
FOUND CONSTR method io/github/pulverizer/movecraft/utils/HashHitBox/HashHitBox (Lio/github/pulverizer/movecraft/utils/HitBox;)V io/github/pulverizer/movecraft/utils/HashHitBox
Import: com.flowpowered.math.vector.Vector3i
Import: io.github.pulverizer.movecraft.exception.EmptyHitBoxException
Import: org.spongepowered.api.block.BlockType
Import: org.spongepowered.api.world.World
Adding 9 imports
        java.util.ArrayList
        java.util.Collection
        java.util.Collections
        java.util.HashMap
        java.util.HashSet
        java.util.Iterator
        java.util.List
        java.util.Map
        java.util.Set
End  Processing: io/github/pulverizer/movecraft/utils/HashHitBox.java

Start Processing: io/github/pulverizer/movecraft/utils/HitBox.java
Import: com.flowpowered.math.vector.Vector3i
Import: io.github.pulverizer.movecraft.exception.EmptyHitBoxException
Import: org.spongepowered.api.block.BlockType
Import: org.spongepowered.api.world.World
Adding 4 imports
        java.util.Collection
        java.util.HashSet
        java.util.Iterator
        java.util.Set
End  Processing: io/github/pulverizer/movecraft/utils/HitBox.java

Start Processing: io/github/pulverizer/movecraft/utils/MathUtils.java
Import: com.flowpowered.math.vector.Vector3d
Import: com.flowpowered.math.vector.Vector3i
Import: io.github.pulverizer.movecraft.enums.Rotation
Import: io.github.pulverizer.movecraft.craft.Craft
Import: org.spongepowered.api.world.Location
End  Processing: io/github/pulverizer/movecraft/utils/MathUtils.java

Start Processing: io/github/pulverizer/movecraft/utils/MutableHitBox.java
Import: com.flowpowered.math.vector.Vector3i
Import: java.util.Collection
End  Processing: io/github/pulverizer/movecraft/utils/MutableHitBox.java

Start Processing: io/github/pulverizer/movecraft/utils/SolidHitBox.java
FOUND CONSTR method io/github/pulverizer/movecraft/utils/SolidHitBox/SolidHitBox (Lcom/flowpowered/math/vector/Vector3i;Lcom/flowpowered/math/vector/Vector3i;)V io/github/pulverizer/movecraft/utils/SolidHitBox
Import: com.flowpowered.math.vector.Vector3i
Import: java.util.Collection
Import: java.util.Iterator
End  Processing: io/github/pulverizer/movecraft/utils/SolidHitBox.java

